<?xml version="1.0" encoding="UTF-8"?>
<testng-results ignored="0" total="1" passed="1" failed="0" skipped="0">
  <reporter-output>
  </reporter-output>
  <suite started-at="2026-06-29T10:23:49 EDT" name="Suite" finished-at="2026-06-29T10:23:52 EDT" duration-ms="2542">
    <groups>
    </groups>
    <test started-at="2026-06-29T10:23:49 EDT" name="Test" finished-at="2026-06-29T10:23:52 EDT" duration-ms="2542">
      <class name="com.test.LoginTest">
        <test-method is-config="true" signature="setUP()[pri:0, instance:com.test.LoginTest@906d29b]" started-at="2026-06-29T10:23:40 EDT" name="setUP" finished-at="2026-06-29T10:23:49 EDT" duration-ms="9286" status="PASS">
          <reporter-output>
          </reporter-output>
        </test-method> <!-- setUP -->
        <test-method signature="loginWithValidUserNameAndValidPassword()[pri:0, instance:com.test.LoginTest@906d29b]" started-at="2026-06-29T10:23:50 EDT" name="loginWithValidUserNameAndValidPassword" finished-at="2026-06-29T10:23:52 EDT" duration-ms="1989" status="PASS">
          <reporter-output>
          </reporter-output>
        </test-method> <!-- loginWithValidUserNameAndValidPassword -->
        <test-method is-config="true" signature="tearDown()[pri:0, instance:com.test.LoginTest@906d29b]" started-at="2026-06-29T10:23:52 EDT" name="tearDown" finished-at="2026-06-29T10:23:53 EDT" duration-ms="263" status="PASS">
          <reporter-output>
          </reporter-output>
        </test-method> <!-- tearDown -->
      </class> <!-- com.test.LoginTest -->
    </test> <!-- Test -->
  </suite> <!-- Suite -->
</testng-results>
